<?xml version="1.0" encoding="UTF-8"?>
<!-- Generated by org.testng.reporters.JUnitReportReporter -->
<testsuite hostname="DESKTOP-TL9ALR0" failures="0" tests="1" name="mavenforjenkins.UITest" time="17.743" errors="0" timestamp="2024-04-26T13:54:44 IST" skipped="0">
  <testcase classname="mavenforjenkins.UITest" name="startBrowser" time="17.743"/>
  <system-out/>
</testsuite> <!-- mavenforjenkins.UITest -->
