<?xml version="1.0" encoding="UTF-8"?>
<!-- Generated by org.testng.reporters.JUnitReportReporter -->
<testsuite hostname="DESKTOP-TL9ALR0" failures="0" tests="1" name="mavenforjenkins.UITest" time="13.245" errors="0" timestamp="2024-04-26T18:03:50 IST" skipped="0">
  <testcase classname="mavenforjenkins.UITest" name="startBrowser" time="13.245"/>
  <system-out/>
</testsuite> <!-- mavenforjenkins.UITest -->
